Mined_Minds_Mentoring_alpha/build/outputs/logs/manifest-merger-debug-report.txt
-- Merging decision tree log ---
manifest
ADDED from Mined_Minds_Mentoring_Android_App/Mined_Minds_Mentoring_alpha/AndroidManifest.xml:2:1-32:12
	package
		ADDED from Mined_Minds_Mentoring_Android_App/Mined_Minds_Mentoring_alpha/AndroidManifest.xml:2:98-131
		INJECTED from Mined_Minds_Mentoring_Android_App/Mined_Minds_Mentoring_alpha/AndroidManifest.xml
		INJECTED from Mined_Minds_Mentoring_Android_App/Mined_Minds_Mentoring_alpha/AndroidManifest.xml
	android:versionName
		ADDED from Mined_Minds_Mentoring_Android_App/Mined_Minds_Mentoring_alpha/AndroidManifest.xml:2:70-97
		INJECTED from Mined_Minds_Mentoring_Android_App/Mined_Minds_Mentoring_alpha/AndroidManifest.xml
		INJECTED from Mined_Minds_Mentoring_Android_App/Mined_Minds_Mentoring_alpha/AndroidManifest.xml
	android:hardwareAccelerated
		ADDED from Mined_Minds_Mentoring_Android_App/Mined_Minds_Mentoring_alpha/AndroidManifest.xml:2:11-45
	android:versionCode
		ADDED from Mined_Minds_Mentoring_Android_App/Mined_Minds_Mentoring_alpha/AndroidManifest.xml:2:46-69
		INJECTED from Mined_Minds_Mentoring_Android_App/Mined_Minds_Mentoring_alpha/AndroidManifest.xml
		INJECTED from Mined_Minds_Mentoring_Android_App/Mined_Minds_Mentoring_alpha/AndroidManifest.xml
	xmlns:android
		ADDED from Mined_Minds_Mentoring_Android_App/Mined_Minds_Mentoring_alpha/AndroidManifest.xml:2:132-190
supports-screens
ADDED from Mined_Minds_Mentoring_Android_App/Mined_Minds_Mentoring_alpha/AndroidManifest.xml:3:5-191
	android:largeScreens
		ADDED from Mined_Minds_Mentoring_Android_App/Mined_Minds_Mentoring_alpha/AndroidManifest.xml:3:49-76
	android:smallScreens
		ADDED from Mined_Minds_Mentoring_Android_App/Mined_Minds_Mentoring_alpha/AndroidManifest.xml:3:132-159
	android:normalScreens
		ADDED from Mined_Minds_Mentoring_Android_App/Mined_Minds_Mentoring_alpha/AndroidManifest.xml:3:77-105
	android:xlargeScreens
		ADDED from Mined_Minds_Mentoring_Android_App/Mined_Minds_Mentoring_alpha/AndroidManifest.xml:3:160-188
	android:resizeable
		ADDED from Mined_Minds_Mentoring_Android_App/Mined_Minds_Mentoring_alpha/AndroidManifest.xml:3:106-131
	android:anyDensity
		ADDED from Mined_Minds_Mentoring_Android_App/Mined_Minds_Mentoring_alpha/AndroidManifest.xml:3:23-48
uses-permission#android.permission.CAMERA
ADDED from Mined_Minds_Mentoring_Android_App/Mined_Minds_Mentoring_alpha/AndroidManifest.xml:6:2-62
	android:name
		ADDED from Mined_Minds_Mentoring_Android_App/Mined_Minds_Mentoring_alpha/AndroidManifest.xml:6:19-59
uses-permission#android.permission.ACCESS_COARSE_LOCATION
ADDED from Mined_Minds_Mentoring_Android_App/Mined_Minds_Mentoring_alpha/AndroidManifest.xml:7:2-78
	android:name
		ADDED from Mined_Minds_Mentoring_Android_App/Mined_Minds_Mentoring_alpha/AndroidManifest.xml:7:19-75
uses-permission#android.permission.ACCESS_FINE_LOCATION
ADDED from Mined_Minds_Mentoring_Android_App/Mined_Minds_Mentoring_alpha/AndroidManifest.xml:8:2-76
	android:name
		ADDED from Mined_Minds_Mentoring_Android_App/Mined_Minds_Mentoring_alpha/AndroidManifest.xml:8:19-73
uses-permission#android.permission.ACCESS_LOCATION_EXTRA_COMMANDS
ADDED from Mined_Minds_Mentoring_Android_App/Mined_Minds_Mentoring_alpha/AndroidManifest.xml:9:2-86
	android:name
		ADDED from Mined_Minds_Mentoring_Android_App/Mined_Minds_Mentoring_alpha/AndroidManifest.xml:9:19-83
uses-permission#android.permission.READ_PHONE_STATE
ADDED from Mined_Minds_Mentoring_Android_App/Mined_Minds_Mentoring_alpha/AndroidManifest.xml:10:2-72
	android:name
		ADDED from Mined_Minds_Mentoring_Android_App/Mined_Minds_Mentoring_alpha/AndroidManifest.xml:10:19-69
uses-permission#android.permission.INTERNET
ADDED from Mined_Minds_Mentoring_Android_App/Mined_Minds_Mentoring_alpha/AndroidManifest.xml:11:2-64
	android:name
		ADDED from Mined_Minds_Mentoring_Android_App/Mined_Minds_Mentoring_alpha/AndroidManifest.xml:11:19-61
uses-permission#android.permission.RECEIVE_SMS
ADDED from Mined_Minds_Mentoring_Android_App/Mined_Minds_Mentoring_alpha/AndroidManifest.xml:12:2-67
	android:name
		ADDED from Mined_Minds_Mentoring_Android_App/Mined_Minds_Mentoring_alpha/AndroidManifest.xml:12:19-64
uses-permission#android.permission.RECORD_AUDIO
ADDED from Mined_Minds_Mentoring_Android_App/Mined_Minds_Mentoring_alpha/AndroidManifest.xml:13:2-68
	android:name
		ADDED from Mined_Minds_Mentoring_Android_App/Mined_Minds_Mentoring_alpha/AndroidManifest.xml:13:19-65
uses-permission#android.permission.MODIFY_AUDIO_SETTINGS
ADDED from Mined_Minds_Mentoring_Android_App/Mined_Minds_Mentoring_alpha/AndroidManifest.xml:14:2-77
	android:name
		ADDED from Mined_Minds_Mentoring_Android_App/Mined_Minds_Mentoring_alpha/AndroidManifest.xml:14:19-74
uses-permission#android.permission.VIBRATE
ADDED from Mined_Minds_Mentoring_Android_App/Mined_Minds_Mentoring_alpha/AndroidManifest.xml:15:2-63
	android:name
		ADDED from Mined_Minds_Mentoring_Android_App/Mined_Minds_Mentoring_alpha/AndroidManifest.xml:15:19-60
uses-permission#android.permission.READ_CONTACTS
ADDED from Mined_Minds_Mentoring_Android_App/Mined_Minds_Mentoring_alpha/AndroidManifest.xml:16:2-69
	android:name
		ADDED from Mined_Minds_Mentoring_Android_App/Mined_Minds_Mentoring_alpha/AndroidManifest.xml:16:19-66
uses-permission#android.permission.WRITE_CONTACTS
ADDED from Mined_Minds_Mentoring_Android_App/Mined_Minds_Mentoring_alpha/AndroidManifest.xml:17:2-70
	android:name
		ADDED from Mined_Minds_Mentoring_Android_App/Mined_Minds_Mentoring_alpha/AndroidManifest.xml:17:19-67
uses-permission#android.permission.WRITE_EXTERNAL_STORAGE
ADDED from Mined_Minds_Mentoring_Android_App/Mined_Minds_Mentoring_alpha/AndroidManifest.xml:18:2-78
	android:name
		ADDED from Mined_Minds_Mentoring_Android_App/Mined_Minds_Mentoring_alpha/AndroidManifest.xml:18:19-75
uses-permission#android.permission.ACCESS_NETWORK_STATE
ADDED from Mined_Minds_Mentoring_Android_App/Mined_Minds_Mentoring_alpha/AndroidManifest.xml:19:2-76
	android:name
		ADDED from Mined_Minds_Mentoring_Android_App/Mined_Minds_Mentoring_alpha/AndroidManifest.xml:19:19-73
uses-permission#android.permission.GET_ACCOUNTS
ADDED from Mined_Minds_Mentoring_Android_App/Mined_Minds_Mentoring_alpha/AndroidManifest.xml:20:2-68
	android:name
		ADDED from Mined_Minds_Mentoring_Android_App/Mined_Minds_Mentoring_alpha/AndroidManifest.xml:20:19-65
uses-permission#com.android.browser.permission.READ_HISTORY_BOOKMARKS
ADDED from Mined_Minds_Mentoring_Android_App/Mined_Minds_Mentoring_alpha/AndroidManifest.xml:21:2-90
	android:name
		ADDED from Mined_Minds_Mentoring_Android_App/Mined_Minds_Mentoring_alpha/AndroidManifest.xml:21:19-87
uses-permission#android.permission.WAKE_LOCK
ADDED from Mined_Minds_Mentoring_Android_App/Mined_Minds_Mentoring_alpha/AndroidManifest.xml:22:2-65
	android:name
		ADDED from Mined_Minds_Mentoring_Android_App/Mined_Minds_Mentoring_alpha/AndroidManifest.xml:22:19-62
application
ADDED from Mined_Minds_Mentoring_Android_App/Mined_Minds_Mentoring_alpha/AndroidManifest.xml:23:5-30:19
	android:label
		ADDED from Mined_Minds_Mentoring_Android_App/Mined_Minds_Mentoring_alpha/AndroidManifest.xml:23:86-118
	android:supportsRtl
		ADDED from Mined_Minds_Mentoring_Android_App/Mined_Minds_Mentoring_alpha/AndroidManifest.xml:23:119-145
	android:hardwareAccelerated
		ADDED from Mined_Minds_Mentoring_Android_App/Mined_Minds_Mentoring_alpha/AndroidManifest.xml:23:18-52
	android:icon
		ADDED from Mined_Minds_Mentoring_Android_App/Mined_Minds_Mentoring_alpha/AndroidManifest.xml:23:53-85
	android:theme
		ADDED from Mined_Minds_Mentoring_Android_App/Mined_Minds_Mentoring_alpha/AndroidManifest.xml:23:146-205
activity#io.appery.project477034.MainActivity
ADDED from Mined_Minds_Mentoring_Android_App/Mined_Minds_Mentoring_alpha/AndroidManifest.xml:24:9-29:20
	android:label
		ADDED from Mined_Minds_Mentoring_Android_App/Mined_Minds_Mentoring_alpha/AndroidManifest.xml:24:81-118
	android:launchMode
		ADDED from Mined_Minds_Mentoring_Android_App/Mined_Minds_Mentoring_alpha/AndroidManifest.xml:24:119-149
	android:windowSoftInputMode
		ADDED from Mined_Minds_Mentoring_Android_App/Mined_Minds_Mentoring_alpha/AndroidManifest.xml:24:241-283
	android:configChanges
		ADDED from Mined_Minds_Mentoring_Android_App/Mined_Minds_Mentoring_alpha/AndroidManifest.xml:24:19-80
	android:theme
		ADDED from Mined_Minds_Mentoring_Android_App/Mined_Minds_Mentoring_alpha/AndroidManifest.xml:24:178-240
	android:name
		ADDED from Mined_Minds_Mentoring_Android_App/Mined_Minds_Mentoring_alpha/AndroidManifest.xml:24:150-177
intent-filter#android.intent.action.MAIN+android.intent.category.LAUNCHER
ADDED from Mined_Minds_Mentoring_Android_App/Mined_Minds_Mentoring_alpha/AndroidManifest.xml:25:13-28:29
	android:label
		ADDED from Mined_Minds_Mentoring_Android_App/Mined_Minds_Mentoring_alpha/AndroidManifest.xml:25:28-65
action#android.intent.action.MAIN
ADDED from Mined_Minds_Mentoring_Android_App/Mined_Minds_Mentoring_alpha/AndroidManifest.xml:26:17-69
	android:name
		ADDED from Mined_Minds_Mentoring_Android_App/Mined_Minds_Mentoring_alpha/AndroidManifest.xml:26:25-66
category#android.intent.category.LAUNCHER
ADDED from Mined_Minds_Mentoring_Android_App/Mined_Minds_Mentoring_alpha/AndroidManifest.xml:27:17-77
	android:name
		ADDED from Mined_Minds_Mentoring_Android_App/Mined_Minds_Mentoring_alpha/AndroidManifest.xml:27:27-74
uses-sdk
ADDED from Mined_Minds_Mentoring_Android_App/Mined_Minds_Mentoring_alpha/AndroidManifest.xml:31:5-74
MERGED from [Mined_Minds_Mentoring_alpha:CordovaLib:unspecified:debug] AndroidManifest.xml:25:5-44
	android:targetSdkVersion
		ADDED from Mined_Minds_Mentoring_Android_App/Mined_Minds_Mentoring_alpha/AndroidManifest.xml:31:42-71
	android:minSdkVersion
		ADDED from Mined_Minds_Mentoring_Android_App/Mined_Minds_Mentoring_alpha/AndroidManifest.xml:31:15-41